<?xml version="1.0" encoding="UTF-8"?>
<!-- Generated by org.testng.reporters.JUnitReportReporter -->
<testsuite hostname="Pranups" failures="0" tests="10" name="Runner.Application" time="153.059" errors="0" timestamp="2021-11-18T10:43:52 IST" skipped="0">
  <testcase classname="Runner.Application" name="signinbuttonValidation" time="18.937"/>
  <system-out/>
  <testcase classname="Runner.Application" name="Giftcard" time="26.004"/>
  <system-out/>
  <testcase classname="Runner.Application" name="addingproducttocart" time="24.587"/>
  <system-out/>
  <testcase classname="Runner.Application" name="searchproduct" time="8.101"/>
  <system-out/>
  <testcase classname="Runner.Application" name="shopbycateg" time="16.475"/>
  <system-out/>
  <testcase classname="Runner.Application" name="codAvailability" time="15.439"/>
  <system-out/>
  <testcase classname="Runner.Application" name="PersonalisedGiftsPage" time="10.844"/>
  <system-out/>
  <testcase classname="Runner.Application" name="CreateAcc" time="11.176"/>
  <system-out/>
  <testcase classname="Runner.Application" name="validateWhatsnewPage" time="8.440"/>
  <system-out/>
  <testcase classname="Runner.Application" name="GiftsPage" time="13.056"/>
  <system-out/>
</testsuite> <!-- Runner.Application -->
