<?xml version="1.0" encoding="UTF-8"?>
<!-- Generated by org.testng.reporters.JUnitReportReporter -->
<testsuite hostname="Pranups" failures="0" tests="11" name="Runner.Application" time="271.886" errors="0" timestamp="2021-11-19T23:49:36 IST" skipped="0">
  <testcase classname="Runner.Application" name="signinbuttonValidation" time="137.210"/>
  <system-out/>
  <testcase classname="Runner.Application" name="Giftcard" time="26.169"/>
  <system-out/>
  <testcase classname="Runner.Application" name="addingproducttocart" time="24.292"/>
  <system-out/>
  <testcase classname="Runner.Application" name="searchproduct" time="6.906"/>
  <system-out/>
  <testcase classname="Runner.Application" name="shopbycateg" time="13.719"/>
  <system-out/>
  <testcase classname="Runner.Application" name="codAvailability" time="13.701"/>
  <system-out/>
  <testcase classname="Runner.Application" name="PersonalisedGiftsPage" time="9.699"/>
  <system-out/>
  <testcase classname="Runner.Application" name="CreateAcc" time="9.665"/>
  <system-out/>
  <testcase classname="Runner.Application" name="validateWhatsnewPage" time="8.002"/>
  <system-out/>
  <testcase classname="Runner.Application" name="GiftsPage" time="11.518"/>
  <system-out/>
  <testcase classname="Runner.Application" name="CorporateGifts" time="11.005"/>
  <system-out/>
</testsuite> <!-- Runner.Application -->
