<?xml version="1.0" encoding="UTF-8"?>
<!-- Generated by org.testng.reporters.JUnitReportReporter -->
<testsuite hostname="Pranups" failures="0" tests="10" name="Runner.Application" time="132.500" errors="0" timestamp="2021-11-18T11:44:02 IST" skipped="0">
  <testcase classname="Runner.Application" name="signinbuttonValidation" time="16.961"/>
  <system-out/>
  <testcase classname="Runner.Application" name="Giftcard" time="24.166"/>
  <system-out/>
  <testcase classname="Runner.Application" name="addingproducttocart" time="22.510"/>
  <system-out/>
  <testcase classname="Runner.Application" name="searchproduct" time="7.567"/>
  <system-out/>
  <testcase classname="Runner.Application" name="shopbycateg" time="12.905"/>
  <system-out/>
  <testcase classname="Runner.Application" name="codAvailability" time="12.437"/>
  <system-out/>
  <testcase classname="Runner.Application" name="PersonalisedGiftsPage" time="9.539"/>
  <system-out/>
  <testcase classname="Runner.Application" name="CreateAcc" time="8.925"/>
  <system-out/>
  <testcase classname="Runner.Application" name="validateWhatsnewPage" time="7.256"/>
  <system-out/>
  <testcase classname="Runner.Application" name="GiftsPage" time="10.234"/>
  <system-out/>
</testsuite> <!-- Runner.Application -->
