<?xml version="1.0" encoding="UTF-8"?>
<!-- Generated by org.testng.reporters.JUnitReportReporter -->
<testsuite skipped="0" hostname="Pranups" name="Runner.Application" tests="10" failures="0" timestamp="18 Nov 2021 05:41:44 GMT" time="156.567" errors="0">
  <testcase name="signinbuttonValidation" time="19.857" classname="Runner.Application"/>
  <testcase name="Giftcard" time="26.775" classname="Runner.Application"/>
  <testcase name="addingproducttocart" time="25.184" classname="Runner.Application"/>
  <testcase name="searchproduct" time="8.636" classname="Runner.Application"/>
  <testcase name="shopbycateg" time="17.867" classname="Runner.Application"/>
  <testcase name="codAvailability" time="15.278" classname="Runner.Application"/>
  <testcase name="PersonalisedGiftsPage" time="10.510" classname="Runner.Application"/>
  <testcase name="CreateAcc" time="11.219" classname="Runner.Application"/>
  <testcase name="validateWhatsnewPage" time="8.451" classname="Runner.Application"/>
  <testcase name="GiftsPage" time="12.790" classname="Runner.Application"/>
</testsuite> <!-- Runner.Application -->
