<?xml version="1.0" encoding="UTF-8"?>
<!-- Generated by org.testng.reporters.JUnitReportReporter -->
<testsuite hostname="Pranups" failures="0" tests="10" name="Runner.Application" time="158.167" errors="0" timestamp="18 Nov 2021 05:20:03 GMT" skipped="0">
  <testcase classname="Runner.Application" name="signinbuttonValidation" time="20.109"/>
  <testcase classname="Runner.Application" name="Giftcard" time="26.901"/>
  <testcase classname="Runner.Application" name="addingproducttocart" time="26.858"/>
  <testcase classname="Runner.Application" name="searchproduct" time="10.102"/>
  <testcase classname="Runner.Application" name="shopbycateg" time="16.499"/>
  <testcase classname="Runner.Application" name="codAvailability" time="15.200"/>
  <testcase classname="Runner.Application" name="PersonalisedGiftsPage" time="10.518"/>
  <testcase classname="Runner.Application" name="CreateAcc" time="10.872"/>
  <testcase classname="Runner.Application" name="validateWhatsnewPage" time="8.630"/>
  <testcase classname="Runner.Application" name="GiftsPage" time="12.478"/>
</testsuite> <!-- Runner.Application -->
